<?xml version="1.0" encoding="UTF-8"?>
<!-- Generated by org.testng.reporters.JUnitReportReporter -->
<testsuite hostname="ESTL-MKumar" failures="0" tests="1" name="com.Aautomation.Test.TestClass2" time="3.000" errors="0" timestamp="2023-05-26T16:44:28 IST" skipped="0">
  <testcase classname="com.Aautomation.Test.TestClass2" name="Test1" time="3.000"/>
  <system-out/>
</testsuite> <!-- com.Aautomation.Test.TestClass2 -->
